<?xml version="1.0" encoding="UTF-8"?>
<!-- Generated by org.testng.reporters.JUnitReportReporter -->
<testsuite hostname="DESKTOP-E6OTVN8" failures="0" tests="1" name="ecommerce.SwipeDemo" time="21.667" errors="0" timestamp="2025-04-20T16:06:27 IST" skipped="0">
  <testcase classname="ecommerce.SwipeDemo" name="swipeDemoTest" time="21.667"/>
  <system-out/>
</testsuite> <!-- ecommerce.SwipeDemo -->
