<?xml version="1.0" encoding="UTF-8"?>
<!-- Generated by org.testng.reporters.JUnitReportReporter -->
<testsuite hostname="DESKTOP-E6OTVN8" failures="0" tests="1" name="ecommerce.ECommerce_tc_2" time="33.055" errors="0" timestamp="2025-04-23T20:58:26 IST" skipped="0">
  <testcase classname="ecommerce.ECommerce_tc_2" name="FillForm" time="33.055"/>
  <system-out/>
</testsuite> <!-- ecommerce.ECommerce_tc_2 -->
