<?xml version="1.0" encoding="UTF-8"?>
<!-- Generated by org.testng.reporters.JUnitReportReporter -->
<testsuite hostname="DESKTOP-E6OTVN8" failures="0" tests="1" name="ecommerce.ScrollDemo" time="42.903" errors="0" timestamp="2025-04-20T14:39:45 IST" skipped="0">
  <testcase classname="ecommerce.ScrollDemo" name="scrollDemoTest" time="42.903"/>
  <system-out/>
</testsuite> <!-- ecommerce.ScrollDemo -->
