<?xml version="1.0" encoding="UTF-8"?>
<!-- Generated by org.testng.reporters.JUnitReportReporter -->
<testsuite hostname="DESKTOP-E6OTVN8" failures="0" tests="1" name="ecommerce.ECommerce_tc_3" time="41.088" errors="0" timestamp="2025-04-24T07:47:54 IST" skipped="0">
  <testcase classname="ecommerce.ECommerce_tc_3" name="FillForm" time="41.088"/>
  <system-out/>
</testsuite> <!-- ecommerce.ECommerce_tc_3 -->
