<?xml version="1.0" encoding="UTF-8"?>
<!-- Generated by org.testng.reporters.JUnitReportReporter -->
<testsuite hostname="DESKTOP-E6OTVN8" failures="0" tests="1" name="ecommerce.MisclleniousAppium" time="24.949" errors="0" timestamp="2025-04-22T15:10:29 IST" skipped="0">
  <testcase classname="ecommerce.MisclleniousAppium" name="MisclleniousAppiumTest" time="24.949"/>
  <system-out/>
</testsuite> <!-- ecommerce.MisclleniousAppium -->
