<?xml version="1.0" encoding="UTF-8"?>
<!-- Generated by org.testng.reporters.JUnitReportReporter -->
<testsuite hostname="DESKTOP-E6OTVN8" failures="0" tests="1" name="ecommerce.LongPress" time="20.665" errors="0" timestamp="2025-04-19T17:57:54 IST" skipped="0">
  <testcase classname="ecommerce.LongPress" name="LonPressGesture" time="20.665"/>
  <system-out/>
</testsuite> <!-- ecommerce.LongPress -->
