<?xml version="1.0" encoding="UTF-8"?>
<!-- Generated by org.testng.reporters.JUnitReportReporter -->
<testsuite hostname="DESKTOP-E6OTVN8" failures="0" tests="1" name="ecommerce.DragDropDemo" time="18.858" errors="0" timestamp="2025-04-21T10:35:27 IST" skipped="0">
  <testcase classname="ecommerce.DragDropDemo" name="dragDropDemoTest" time="18.858"/>
  <system-out/>
</testsuite> <!-- ecommerce.DragDropDemo -->
