<?xml version="1.0" encoding="UTF-8"?>
<!-- Generated by org.testng.reporters.JUnitReportReporter -->
<testsuite hostname="DESKTOP-E6OTVN8" failures="0" tests="1" name="ecommerce.AppiumBasics" time="11.477" errors="0" timestamp="2025-04-18T19:13:16 IST" skipped="0">
  <testcase classname="ecommerce.AppiumBasics" name="AppiumTest" time="11.477"/>
  <system-out/>
</testsuite> <!-- ecommerce.AppiumBasics -->
