<?xml version="1.0" encoding="UTF-8"?>
<!-- Generated by org.testng.reporters.JUnitReportReporter -->
<testsuite hostname="DESKTOP-E6OTVN8" failures="0" tests="1" name="ecommerce.ECommerce_tc_2_toastMessage" time="16.715" errors="0" timestamp="2025-04-23T19:52:39 IST" skipped="0">
  <testcase classname="ecommerce.ECommerce_tc_2_toastMessage" name="FillForm" time="16.715"/>
  <system-out/>
</testsuite> <!-- ecommerce.ECommerce_tc_2_toastMessage -->
